<?xml version="1.0" encoding="UTF-8"?>
<!-- Generated by org.testng.reporters.JUnitXMLReporter -->
<testsuite ignored="2" hostname="LAP121-ABHIJEET" failures="0" tests="1" name="firsttestcase" time="11.993" errors="0" timestamp="2024-06-21T00:50:33 IST">
  <testcase classname="HomePageTest" name="testPageTitle" time="0.053"/>
  <testcase classname="HomePageTest" name="testButtonIsEnabled" time="0.0">
    <ignored/>
  </testcase> <!-- testButtonIsEnabled -->
  <testcase classname="HomePageTest" name="checkLogin" time="0.0">
    <ignored/>
  </testcase> <!-- checkLogin -->
</testsuite> <!-- firsttestcase -->
