<?xml version="1.0" encoding="UTF-8"?>
<!-- Generated by org.testng.reporters.JUnitXMLReporter -->
<testsuite ignored="0" hostname="LAP121-ABHIJEET" failures="0" tests="3" name="Secondtestcase" time="23.956" errors="0" timestamp="2024-06-21T00:50:57 IST">
  <testcase classname="HomePageTest" name="testButtonIsEnabled" time="7.042"/>
  <testcase classname="HomePageTest" name="testPageTitle" time="0.017"/>
  <testcase classname="HomePageTest" name="checkLogin" time="9.927"/>
</testsuite> <!-- Secondtestcase -->
